#
# A fatal error has been detected by the Java Runtime Environment:
#
#  EXCEPTION_ACCESS_VIOLATION (0xc0000005) at pc=0x000000005558a6a5, pid=14136, tid=18500
#
# JRE version: Java(TM) SE Runtime Environment (8.0_31-b13) (build 1.8.0_31-b13)
# Java VM: Java HotSpot(TM) 64-Bit Server VM (25.31-b07 mixed mode windows-amd64 compressed oops)
# Problematic frame:
# V  [jvm.dll+0x11a6a5]
#
# Failed to write core dump. Minidumps are not enabled by default on client versions of Windows
#
# If you would like to submit a bug report, please visit:
#   http://bugreport.java.com/bugreport/crash.jsp
#

---------------  T H R E A D  ---------------

Current thread (0x0000000019c5d800):  JavaThread "JDWP Transport Listener: dt_socket" daemon [_thread_in_vm, id=18500, stack(0x000000001a1c0000,0x000000001a2c0000)]

siginfo: ExceptionCode=0xc0000005, reading address 0xffffffffffffffff

Registers:
RAX=0x000000001a2bf301, RBX=0x0000000019c5d800, RCX=0x616c2f6176616a4c, RDX=0x0000000000000000
RSP=0x000000001a2bf340, RBP=0x616c2f6176616a4c, RSI=0x000000001a2bf458, RDI=0x0000000002bc8280
R8 =0x0000000019c5d800, R9 =0x0000000000008000, R10=0x0000000000000000, R11=0x000000001b341109
R12=0x0000000000000000, R13=0x0000000019c660e8, R14=0x0000000000000000, R15=0x0000000000000000
RIP=0x000000005558a6a5, EFLAGS=0x0000000000010202

Top of Stack: (sp=0x000000001a2bf340)
0x000000001a2bf340:   0000000019c5d800 000000001bc65380
0x000000001a2bf350:   000000001a2bf408 0000000055787c1b
0x000000001a2bf360:   0000000019c5d800 00000000557a447d
0x000000001a2bf370:   0000000000000000 0000000056759149
0x000000001a2bf380:   0000000019dc36c0 0000000056762912
0x000000001a2bf390:   0000000019c5d800 0000000000000000
0x000000001a2bf3a0:   0000000000000000 0000000000000000
0x000000001a2bf3b0:   616c2f6176616a4c 0000000056761a09
0x000000001a2bf3c0:   000000001a2bf458 000000001a2bf430
0x000000001a2bf3d0:   0000000000000001 0000000019dc36c0
0x000000001a2bf3e0:   616c2f6176616a4c 00000000567453b3
0x000000001a2bf3f0:   000000001a2bf520 0000000000000001
0x000000001a2bf400:   0000000000000001 0000000019dc36c0
0x000000001a2bf410:   0000000000000001 0000000000000000
0x000000001a2bf420:   0000000000000000 0000000000000000
0x000000001a2bf430:   0000000000000001 0000000056745571 

Instructions: (pc=0x000000005558a6a5)
0x000000005558a685:   cc cc cc cc cc cc cc cc cc cc cc 48 83 ec 28 48
0x000000005558a695:   85 c9 75 07 33 c0 48 83 c4 28 c3 48 89 5c 24 20
0x000000005558a6a5:   48 8b 19 48 85 db 74 20 48 83 fb 37 74 1a 48 8b
0x000000005558a6b5:   13 48 8b cb ff 52 10 84 c0 74 0d 48 8b c3 48 8b 


Register to memory mapping:

RAX=0x000000001a2bf301 is pointing into the stack for thread: 0x0000000019c5d800
RBX=0x0000000019c5d800 is a thread
RCX=0x616c2f6176616a4c is an unknown value
RDX=0x0000000000000000 is an unknown value
RSP=0x000000001a2bf340 is pointing into the stack for thread: 0x0000000019c5d800
RBP=0x616c2f6176616a4c is an unknown value
RSI=0x000000001a2bf458 is pointing into the stack for thread: 0x0000000019c5d800
RDI=0x0000000002bc8280 is an unknown value
R8 =0x0000000019c5d800 is a thread
R9 =0x0000000000008000 is an unknown value
R10=0x0000000000000000 is an unknown value
R11=0x000000001b341109 is an unknown value
R12=0x0000000000000000 is an unknown value
R13=0x0000000019c660e8 is an unknown value
R14=0x0000000000000000 is an unknown value
R15=0x0000000000000000 is an unknown value


Stack: [0x000000001a1c0000,0x000000001a2c0000],  sp=0x000000001a2bf340,  free space=1020k
Native frames: (J=compiled Java code, j=interpreted, Vv=VM code, C=native code)
V  [jvm.dll+0x11a6a5]
V  [jvm.dll+0x33447d]
C  [jdwp.dll+0x21a09]
C  [jdwp.dll+0x53b3]
C  [jdwp.dll+0x5571]
C  [jdwp.dll+0xf09c]
C  [jdwp.dll+0x1f2c9]
C  [jdwp.dll+0x1f49e]
V  [jvm.dll+0x1ac128]
V  [jvm.dll+0x22c194]
V  [jvm.dll+0x28576a]
C  [msvcr100.dll+0x21d9f]
C  [msvcr100.dll+0x21e3b]
C  [KERNEL32.DLL+0x13034]
C  [ntdll.dll+0x73691]


---------------  P R O C E S S  ---------------

Java Threads: ( => current thread )
  0x0000000019cb6800 JavaThread "Java2D Disposer" daemon [_thread_blocked, id=19308, stack(0x000000001c340000,0x000000001c440000)]
  0x0000000019d05000 JavaThread "Service Thread" daemon [_thread_blocked, id=9044, stack(0x000000001a8c0000,0x000000001a9c0000)]
  0x0000000019c9e000 JavaThread "C1 CompilerThread3" daemon [_thread_blocked, id=11768, stack(0x000000001a7c0000,0x000000001a8c0000)]
  0x0000000019c99000 JavaThread "C2 CompilerThread2" daemon [_thread_blocked, id=4036, stack(0x000000001a6c0000,0x000000001a7c0000)]
  0x0000000019c80800 JavaThread "C2 CompilerThread1" daemon [_thread_blocked, id=636, stack(0x000000001a5c0000,0x000000001a6c0000)]
  0x0000000019c7b000 JavaThread "C2 CompilerThread0" daemon [_thread_blocked, id=17296, stack(0x000000001a4c0000,0x000000001a5c0000)]
  0x0000000019c69000 JavaThread "JDWP Command Reader" daemon [_thread_in_native, id=11536, stack(0x000000001a3c0000,0x000000001a4c0000)]
  0x0000000019c68000 JavaThread "JDWP Event Helper Thread" daemon [_thread_blocked, id=6108, stack(0x000000001a2c0000,0x000000001a3c0000)]
=>0x0000000019c5d800 JavaThread "JDWP Transport Listener: dt_socket" daemon [_thread_in_vm, id=18500, stack(0x000000001a1c0000,0x000000001a2c0000)]
  0x0000000019c4d800 JavaThread "Attach Listener" daemon [_thread_blocked, id=5332, stack(0x000000001a0c0000,0x000000001a1c0000)]
  0x0000000019c01000 JavaThread "Signal Dispatcher" daemon [_thread_blocked, id=17284, stack(0x0000000019fc0000,0x000000001a0c0000)]
  0x0000000002ccb000 JavaThread "Finalizer" daemon [_thread_blocked, id=8688, stack(0x0000000019ac0000,0x0000000019bc0000)]
  0x0000000002cca000 JavaThread "Reference Handler" daemon [_thread_blocked, id=6540, stack(0x00000000199c0000,0x0000000019ac0000)]
  0x0000000002bd8000 JavaThread "main" [_thread_blocked, id=15792, stack(0x0000000002a50000,0x0000000002b50000)]

Other Threads:
  0x0000000017bd8800 VMThread [stack: 0x00000000198c0000,0x00000000199c0000] [id=21280]
  0x0000000019d09000 WatcherThread [stack: 0x000000001a9c0000,0x000000001aac0000] [id=15352]

VM state:not at safepoint (normal execution)

VM Mutex/Monitor currently owned by a thread: None

Heap:
 PSYoungGen      total 37888K, used 25871K [0x00000000d6180000, 0x00000000d8b80000, 0x0000000100000000)
  eden space 32768K, 63% used [0x00000000d6180000,0x00000000d75ca308,0x00000000d8180000)
  from space 5120K, 99% used [0x00000000d8680000,0x00000000d8b79c80,0x00000000d8b80000)
  to   space 5120K, 0% used [0x00000000d8180000,0x00000000d8180000,0x00000000d8680000)
 ParOldGen       total 86016K, used 8928K [0x0000000082400000, 0x0000000087800000, 0x00000000d6180000)
  object space 86016K, 10% used [0x0000000082400000,0x0000000082cb8178,0x0000000087800000)
 Metaspace       used 9336K, capacity 9500K, committed 9728K, reserved 1058816K
  class space    used 943K, capacity 986K, committed 1024K, reserved 1048576K

Card table byte_map: [0x0000000012090000,0x0000000012480000] byte_map_base: 0x0000000011c7e000

Marking Bits: (ParMarkBitMap*) 0x0000000055c4d4f0
 Begin Bits: [0x0000000012f20000, 0x0000000014e90000)
 End Bits:   [0x0000000014e90000, 0x0000000016e00000)

Polling page: 0x00000000008a0000

CodeCache: size=245760Kb used=5566Kb max_used=5587Kb free=240193Kb
 bounds [0x0000000002cd0000, 0x0000000003250000, 0x0000000011cd0000]
 total_blobs=1735 nmethods=1367 adapters=290
 compilation: enabled

Compilation events (10 events):
Event: 15.641 Thread 0x0000000019c80800 1417 %     4       java.util.regex.Pattern$Start::match @ 31 (90 bytes)
Event: 15.645 Thread 0x0000000019c80800 nmethod 1417% 0x0000000003236190 code [0x00000000032362e0, 0x0000000003236638]
Event: 15.656 Thread 0x0000000019c9e000 1418       3       org.apache.log4j.helpers.PatternConverter::format (127 bytes)
Event: 15.656 Thread 0x0000000019c80800 1420       4       java.util.regex.Pattern$Start::match (90 bytes)
Event: 15.657 Thread 0x0000000019c9e000 nmethod 1418 0x0000000003237c10 code [0x0000000003237e60, 0x00000000032391a8]
Event: 15.657 Thread 0x0000000019c9e000 1419       3       org.apache.log4j.helpers.PatternParser$LiteralPatternConverter::format (10 bytes)
Event: 15.657 Thread 0x0000000019c9e000 nmethod 1419 0x00000000032374d0 code [0x0000000003237640, 0x0000000003237a88]
Event: 15.659 Thread 0x0000000019c80800 nmethod 1420 0x0000000003236fd0 code [0x0000000003237120, 0x0000000003237338]
Event: 15.660 Thread 0x0000000019c7b000 nmethod 1416 0x0000000003241b10 code [0x0000000003241dc0, 0x0000000003243c38]
Event: 15.666 Thread 0x0000000019c99000 nmethod 1415 0x00000000032458d0 code [0x0000000003245ba0, 0x0000000003248298]

GC Heap History (4 events):
Event: 8.170 GC heap before
{Heap before GC invocations=1 (full 0):
 PSYoungGen      total 37888K, used 32768K [0x00000000d6180000, 0x00000000d8b80000, 0x0000000100000000)
  eden space 32768K, 100% used [0x00000000d6180000,0x00000000d8180000,0x00000000d8180000)
  from space 5120K, 0% used [0x00000000d8680000,0x00000000d8680000,0x00000000d8b80000)
  to   space 5120K, 0% used [0x00000000d8180000,0x00000000d8180000,0x00000000d8680000)
 ParOldGen       total 86016K, used 0K [0x0000000082400000, 0x0000000087800000, 0x00000000d6180000)
  object space 86016K, 0% used [0x0000000082400000,0x0000000082400000,0x0000000087800000)
 Metaspace       used 8031K, capacity 8188K, committed 8320K, reserved 1056768K
  class space    used 851K, capacity 890K, committed 896K, reserved 1048576K
Event: 8.175 GC heap after
Heap after GC invocations=1 (full 0):
 PSYoungGen      total 37888K, used 5088K [0x00000000d6180000, 0x00000000d8b80000, 0x0000000100000000)
  eden space 32768K, 0% used [0x00000000d6180000,0x00000000d6180000,0x00000000d8180000)
  from space 5120K, 99% used [0x00000000d8180000,0x00000000d8678088,0x00000000d8680000)
  to   space 5120K, 0% used [0x00000000d8680000,0x00000000d8680000,0x00000000d8b80000)
 ParOldGen       total 86016K, used 2871K [0x0000000082400000, 0x0000000087800000, 0x00000000d6180000)
  object space 86016K, 3% used [0x0000000082400000,0x00000000826cde00,0x0000000087800000)
 Metaspace       used 8031K, capacity 8188K, committed 8320K, reserved 1056768K
  class space    used 851K, capacity 890K, committed 896K, reserved 1048576K
}
Event: 8.682 GC heap before
{Heap before GC invocations=2 (full 0):
 PSYoungGen      total 37888K, used 37856K [0x00000000d6180000, 0x00000000d8b80000, 0x0000000100000000)
  eden space 32768K, 100% used [0x00000000d6180000,0x00000000d8180000,0x00000000d8180000)
  from space 5120K, 99% used [0x00000000d8180000,0x00000000d8678088,0x00000000d8680000)
  to   space 5120K, 0% used [0x00000000d8680000,0x00000000d8680000,0x00000000d8b80000)
 ParOldGen       total 86016K, used 2871K [0x0000000082400000, 0x0000000087800000, 0x00000000d6180000)
  object space 86016K, 3% used [0x0000000082400000,0x00000000826cde00,0x0000000087800000)
 Metaspace       used 9175K, capacity 9308K, committed 9472K, reserved 1058816K
  class space    used 938K, capacity 986K, committed 1024K, reserved 1048576K
Event: 8.687 GC heap after
Heap after GC invocations=2 (full 0):
 PSYoungGen      total 37888K, used 5095K [0x00000000d6180000, 0x00000000d8b80000, 0x0000000100000000)
  eden space 32768K, 0% used [0x00000000d6180000,0x00000000d6180000,0x00000000d8180000)
  from space 5120K, 99% used [0x00000000d8680000,0x00000000d8b79c80,0x00000000d8b80000)
  to   space 5120K, 0% used [0x00000000d8180000,0x00000000d8180000,0x00000000d8680000)
 ParOldGen       total 86016K, used 8928K [0x0000000082400000, 0x0000000087800000, 0x00000000d6180000)
  object space 86016K, 10% used [0x0000000082400000,0x0000000082cb8178,0x0000000087800000)
 Metaspace       used 9175K, capacity 9308K, committed 9472K, reserved 1058816K
  class space    used 938K, capacity 986K, committed 1024K, reserved 1048576K
}

Deoptimization events (10 events):
Event: 12.635 Thread 0x0000000002bd8000 Uncommon trap: reason=class_check action=maybe_recompile pc=0x00000000031ed8b0 method=java.util.regex.Pattern$BmpCharProperty.match(Ljava/util/regex/Matcher;ILjava/lang/CharSequence;)Z @ 31
Event: 12.697 Thread 0x0000000002bd8000 Uncommon trap: reason=class_check action=maybe_recompile pc=0x000000000323a540 method=java.util.regex.Pattern$Curly.match0(Ljava/util/regex/Matcher;IILjava/lang/CharSequence;)Z @ 31
Event: 12.697 Thread 0x0000000002bd8000 Uncommon trap: reason=bimorphic action=maybe_recompile pc=0x0000000003232534 method=java.util.regex.Pattern$BmpCharProperty.match(Ljava/util/regex/Matcher;ILjava/lang/CharSequence;)Z @ 31
Event: 12.697 Thread 0x0000000002bd8000 Uncommon trap: reason=class_check action=maybe_recompile pc=0x000000000323a7cc method=java.util.regex.Pattern$Curly.match0(Ljava/util/regex/Matcher;IILjava/lang/CharSequence;)Z @ 141
Event: 12.697 Thread 0x0000000002bd8000 Uncommon trap: reason=class_check action=maybe_recompile pc=0x000000000323a7cc method=java.util.regex.Pattern$Curly.match0(Ljava/util/regex/Matcher;IILjava/lang/CharSequence;)Z @ 141
Event: 12.697 Thread 0x0000000002bd8000 Uncommon trap: reason=class_check action=maybe_recompile pc=0x000000000323a540 method=java.util.regex.Pattern$Curly.match0(Ljava/util/regex/Matcher;IILjava/lang/CharSequence;)Z @ 31
Event: 12.697 Thread 0x0000000002bd8000 Uncommon trap: reason=bimorphic action=maybe_recompile pc=0x0000000003232534 method=java.util.regex.Pattern$BmpCharProperty.match(Ljava/util/regex/Matcher;ILjava/lang/CharSequence;)Z @ 31
Event: 12.697 Thread 0x0000000002bd8000 Uncommon trap: reason=bimorphic action=maybe_recompile pc=0x0000000003232534 method=java.util.regex.Pattern$BmpCharProperty.match(Ljava/util/regex/Matcher;ILjava/lang/CharSequence;)Z @ 31
Event: 12.698 Thread 0x0000000002bd8000 Uncommon trap: reason=bimorphic action=maybe_recompile pc=0x0000000003232534 method=java.util.regex.Pattern$BmpCharProperty.match(Ljava/util/regex/Matcher;ILjava/lang/CharSequence;)Z @ 31
Event: 12.698 Thread 0x0000000002bd8000 Uncommon trap: reason=class_check action=maybe_recompile pc=0x00000000031e7a90 method=java.util.regex.Pattern$Slice.match(Ljava/util/regex/Matcher;ILjava/lang/CharSequence;)Z @ 75

Internal exceptions (10 events):
Event: 8.557 Thread 0x0000000002bd8000 Exception <a 'java/security/PrivilegedActionException'> (0x00000000d749dea8) thrown at [C:\workspace\8-2-build-windows-amd64-cygwin\jdk8u31\2394\hotspot\src\share\vm\prims\jvm.cpp, line 1312]
Event: 8.558 Thread 0x0000000002bd8000 Exception <a 'java/security/PrivilegedActionException'> (0x00000000d74a0f18) thrown at [C:\workspace\8-2-build-windows-amd64-cygwin\jdk8u31\2394\hotspot\src\share\vm\prims\jvm.cpp, line 1312]
Event: 8.558 Thread 0x0000000002bd8000 Exception <a 'java/security/PrivilegedActionException'> (0x00000000d74a4bd8) thrown at [C:\workspace\8-2-build-windows-amd64-cygwin\jdk8u31\2394\hotspot\src\share\vm\prims\jvm.cpp, line 1312]
Event: 8.559 Thread 0x0000000002bd8000 Exception <a 'java/security/PrivilegedActionException'> (0x00000000d74a8520) thrown at [C:\workspace\8-2-build-windows-amd64-cygwin\jdk8u31\2394\hotspot\src\share\vm\prims\jvm.cpp, line 1312]
Event: 8.711 Thread 0x0000000002bd8000 Exception <a 'java/security/PrivilegedActionException'> (0x00000000d65ff740) thrown at [C:\workspace\8-2-build-windows-amd64-cygwin\jdk8u31\2394\hotspot\src\share\vm\prims\jvm.cpp, line 1312]
Event: 8.825 Thread 0x0000000002bd8000 Implicit null exception at 0x00000000031b3f9e to 0x00000000031b4685
Event: 12.604 Thread 0x0000000002bd8000 Exception <a 'java/security/PrivilegedActionException'> (0x00000000d74a8d28) thrown at [C:\workspace\8-2-build-windows-amd64-cygwin\jdk8u31\2394\hotspot\src\share\vm\prims\jvm.cpp, line 1312]
Event: 12.607 Thread 0x0000000002bd8000 Exception <a 'java/security/PrivilegedActionException'> (0x00000000d74ad110) thrown at [C:\workspace\8-2-build-windows-amd64-cygwin\jdk8u31\2394\hotspot\src\share\vm\prims\jvm.cpp, line 1312]
Event: 12.608 Thread 0x0000000002bd8000 Exception <a 'java/security/PrivilegedActionException'> (0x00000000d74b0a88) thrown at [C:\workspace\8-2-build-windows-amd64-cygwin\jdk8u31\2394\hotspot\src\share\vm\prims\jvm.cpp, line 1312]
Event: 12.670 Thread 0x0000000002bd8000 Exception <a 'java/security/PrivilegedActionException'> (0x00000000d74b8ab8) thrown at [C:\workspace\8-2-build-windows-amd64-cygwin\jdk8u31\2394\hotspot\src\share\vm\prims\jvm.cpp, line 1312]

Events (10 events):
Event: 870.666 Executing VM operation: GetCurrentLocation
Event: 870.666 Executing VM operation: GetCurrentLocation done
Event: 870.666 Executing VM operation: EnterInterpOnlyMode
Event: 870.666 Executing VM operation: EnterInterpOnlyMode done
Event: 870.666 Executing VM operation: ChangeSingleStep
Event: 870.666 Executing VM operation: ChangeSingleStep done
Event: 870.666 Executing VM operation: ChangeSingleStep
Event: 870.666 Executing VM operation: ChangeSingleStep done
Event: 870.677 Executing VM operation: RedefineClasses
Event: 870.691 Executing VM operation: RedefineClasses done


Dynamic libraries:
0x00007ff69d1b0000 - 0x00007ff69d1e4000 	C:\Program Files\Java\jdk1.8.0_31\bin\javaw.exe
0x00007ffe01020000 - 0x00007ffe01201000 	C:\WINDOWS\SYSTEM32\ntdll.dll
0x00007ffe009e0000 - 0x00007ffe00a92000 	C:\WINDOWS\System32\KERNEL32.DLL
0x00007ffdfdb60000 - 0x00007ffdfddd3000 	C:\WINDOWS\System32\KERNELBASE.dll
0x00007ffdffee0000 - 0x00007ffdfff81000 	C:\WINDOWS\System32\ADVAPI32.dll
0x00007ffdff740000 - 0x00007ffdff7de000 	C:\WINDOWS\System32\msvcrt.dll
0x00007ffdffac0000 - 0x00007ffdffb1b000 	C:\WINDOWS\System32\sechost.dll
0x00007ffdffd90000 - 0x00007ffdffeb4000 	C:\WINDOWS\System32\RPCRT4.dll
0x00007ffe00330000 - 0x00007ffe004c0000 	C:\WINDOWS\System32\USER32.dll
0x00007ffdfdb40000 - 0x00007ffdfdb60000 	C:\WINDOWS\System32\win32u.dll
0x00007ffdff7e0000 - 0x00007ffdff808000 	C:\WINDOWS\System32\GDI32.dll
0x00007ffdfd9a0000 - 0x00007ffdfdb32000 	C:\WINDOWS\System32\gdi32full.dll
0x00007ffdfd140000 - 0x00007ffdfd1df000 	C:\WINDOWS\System32\msvcp_win.dll
0x00007ffdfdfe0000 - 0x00007ffdfe0da000 	C:\WINDOWS\System32\ucrtbase.dll
0x00007ffded260000 - 0x00007ffded4c9000 	C:\WINDOWS\WinSxS\amd64_microsoft.windows.common-controls_6595b64144ccf1df_6.0.17134.472_none_fb3f9af53068156d\COMCTL32.dll
0x00007ffe00520000 - 0x00007ffe00842000 	C:\WINDOWS\System32\combase.dll
0x00007ffdfd920000 - 0x00007ffdfd99a000 	C:\WINDOWS\System32\bcryptPrimitives.dll
0x00007ffe008b0000 - 0x00007ffe008dd000 	C:\WINDOWS\System32\IMM32.DLL
0x0000000056780000 - 0x0000000056852000 	C:\Program Files\Java\jdk1.8.0_31\jre\bin\msvcr100.dll
0x0000000055470000 - 0x0000000055cca000 	C:\Program Files\Java\jdk1.8.0_31\jre\bin\server\jvm.dll
0x00007ffdfd1e0000 - 0x00007ffdfd203000 	C:\WINDOWS\System32\WINMM.dll
0x00007ffdfd0c0000 - 0x00007ffdfd0ea000 	C:\WINDOWS\System32\WINMMBASE.dll
0x00007ffdfe1f0000 - 0x00007ffdfe239000 	C:\WINDOWS\System32\cfgmgr32.dll
0x00007ffe000b0000 - 0x00007ffe000b8000 	C:\WINDOWS\System32\PSAPI.DLL
0x00007ffde7900000 - 0x00007ffde7909000 	C:\WINDOWS\SYSTEM32\WSOCK32.dll
0x00007ffdff810000 - 0x00007ffdff87c000 	C:\WINDOWS\System32\WS2_32.dll
0x0000000055460000 - 0x000000005546f000 	C:\Program Files\Java\jdk1.8.0_31\jre\bin\verify.dll
0x0000000055430000 - 0x0000000055458000 	C:\Program Files\Java\jdk1.8.0_31\jre\bin\java.dll
0x0000000056740000 - 0x0000000056775000 	C:\Program Files\Java\jdk1.8.0_31\jre\bin\jdwp.dll
0x0000000056730000 - 0x0000000056738000 	C:\Program Files\Java\jdk1.8.0_31\jre\bin\npt.dll
0x00000000553e0000 - 0x00000000553f6000 	C:\Program Files\Java\jdk1.8.0_31\jre\bin\zip.dll
0x00007ffdfe300000 - 0x00007ffdff740000 	C:\WINDOWS\System32\SHELL32.dll
0x00007ffdff880000 - 0x00007ffdff929000 	C:\WINDOWS\System32\shcore.dll
0x00007ffdfd210000 - 0x00007ffdfd91d000 	C:\WINDOWS\System32\windows.storage.dll
0x00007ffe004c0000 - 0x00007ffe00511000 	C:\WINDOWS\System32\shlwapi.dll
0x00007ffdfd060000 - 0x00007ffdfd071000 	C:\WINDOWS\System32\kernel.appcore.dll
0x00007ffdfd0a0000 - 0x00007ffdfd0bf000 	C:\WINDOWS\System32\profapi.dll
0x00007ffdfd0f0000 - 0x00007ffdfd13c000 	C:\WINDOWS\System32\powrprof.dll
0x00007ffdfd050000 - 0x00007ffdfd05a000 	C:\WINDOWS\System32\FLTLIB.DLL
0x0000000056720000 - 0x0000000056729000 	C:\Program Files\Java\jdk1.8.0_31\jre\bin\dt_socket.dll
0x00007ffde6d40000 - 0x00007ffde6d56000 	C:\WINDOWS\system32\napinsp.dll
0x00007ffde6c90000 - 0x00007ffde6caa000 	C:\WINDOWS\system32\pnrpnsp.dll
0x00007ffdf65a0000 - 0x00007ffdf65b9000 	C:\WINDOWS\system32\NLAapi.dll
0x00007ffdfc8b0000 - 0x00007ffdfc916000 	C:\WINDOWS\System32\mswsock.dll
0x00007ffdfc670000 - 0x00007ffdfc72e000 	C:\WINDOWS\SYSTEM32\DNSAPI.dll
0x00007ffdffab0000 - 0x00007ffdffab8000 	C:\WINDOWS\System32\NSI.dll
0x00007ffdfc630000 - 0x00007ffdfc668000 	C:\WINDOWS\SYSTEM32\IPHLPAPI.DLL
0x00007ffde6c80000 - 0x00007ffde6c8e000 	C:\WINDOWS\System32\winrnr.dll
0x00007ffde6c60000 - 0x00007ffde6c75000 	C:\WINDOWS\System32\wshbth.dll
0x00007ffdef360000 - 0x00007ffdef3d2000 	C:\WINDOWS\System32\fwpuclnt.dll
0x00007ffdfcb90000 - 0x00007ffdfcbb5000 	C:\WINDOWS\SYSTEM32\bcrypt.dll
0x00007ffdeeef0000 - 0x00007ffdeeefa000 	C:\Windows\System32\rasadhlp.dll
0x0000000056580000 - 0x0000000056718000 	C:\Program Files\Java\jdk1.8.0_31\jre\bin\awt.dll
0x00007ffdffcc0000 - 0x00007ffdffd82000 	C:\WINDOWS\System32\OLEAUT32.dll
0x00007ffdf7f60000 - 0x00007ffdf7feb000 	C:\WINDOWS\SYSTEM32\apphelp.dll
0x0000000056540000 - 0x000000005657c000 	C:\Program Files\Java\jdk1.8.0_31\jre\bin\lcms.dll
0x00007ffdf8550000 - 0x00007ffdf8719000 	C:\WINDOWS\SYSTEM32\dbghelp.dll

VM Arguments:
jvm_args: -agentlib:jdwp=transport=dt_socket,suspend=y,address=localhost:49310 -Dfile.encoding=UTF-8 
java_command: com.thinkgem.jeesite.modules.company.utiles.ParsePDFFileUtile
java_class_path (initial): D:\jeesite\work\jeesite-master\src\main\webapp\WEB-INF\classes;C:\Users\DELL\.m2\repository\org\apache\pdfbox\pdfbox\2.0.8\pdfbox-2.0.8.jar;C:\Users\DELL\.m2\repository\org\apache\pdfbox\fontbox\2.0.8\fontbox-2.0.8.jar;C:\Users\DELL\.m2\repository\commons-logging\commons-logging\1.2\commons-logging-1.2.jar;C:\Users\DELL\.m2\repository\pdfbox\pdfbox\0.7.3\pdfbox-0.7.3.jar;C:\Users\DELL\.m2\repository\org\fontbox\fontbox\0.1.0\fontbox-0.1.0.jar;C:\Users\DELL\.m2\repository\org\jempbox\jempbox\0.2.0\jempbox-0.2.0.jar;C:\Users\DELL\.m2\repository\bouncycastle\bcmail-jdk14\136\bcmail-jdk14-136.jar;C:\Users\DELL\.m2\repository\bouncycastle\bcprov-jdk14\136\bcprov-jdk14-136.jar;C:\Users\DELL\.m2\repository\us\codecraft\webmagic-core\0.7.3\webmagic-core-0.7.3.jar;C:\Users\DELL\.m2\repository\org\apache\httpcomponents\httpclient\4.5.2\httpclient-4.5.2.jar;C:\Users\DELL\.m2\repository\org\apache\httpcomponents\httpcore\4.4.4\httpcore-4.4.4.jar;C:\Users\DELL\.m2\repository\us\codecraft\xsoup\0.3.1\xsoup-0.3.1.jar;C:\Users\DELL\.m2\repository\org\assertj\assertj-core\1.5.0\assertj-core-1.5.0.jar;C:\Users\DELL\.m2\repository\commons-collections\commons-collections\3.2.2\commons-collections-3.2.2.jar;C:\Users\DELL\.m2\repository\org\jsoup\jsoup\1.10.3\jsoup-1.10.3.jar;C:\Users\DELL\.m2\repository\com\jayway\jsonpath\json-path\2.4.0\json-path-2.4.0.jar;C:\Users\DELL\.m2\repository\net\minidev\json-smart\2.3\json-smart-2.3.jar;C:\Users\DELL\.m2\repository\net\minidev\accessors-smart\1.2\accessors-smart-1.2.jar;C:\Users\DELL\.m2\repository\com\alibaba\fastjson\1.2.28\fastjson-1.2.28.jar;C:\Users\DELL\.m2\repository\org\springframework\spring-core\4.1.9.RELEASE\spring-core-4.1.9.RELEASE.jar;C:\Users\DELL\.m2\repository\org\springframework\spring-beans\4.1.9.RELEASE\spring-beans-4.1.9.RELEASE.jar;C:\Users\DELL\.m2\repository\org\springframework\spring-context\4.1.9.RELEASE\spring-context-4.1.9.RELEASE.jar;C:\Users\DELL\.m2\repository\org\springframework\sp
Launcher Type: SUN_STANDARD

Environment Variables:
JAVA_HOME=C:\Program Files\Java\jdk1.8.0_31
PATH=C:\Program Files\Java\jdk1.8.0_31\jre\bin;C:/Program Files/Java/jdk1.8.0_31/bin/../jre/bin/server;C:/Program Files/Java/jdk1.8.0_31/bin/../jre/bin;C:/Program Files/Java/jdk1.8.0_31/bin/../jre/lib/amd64;D:\maven\apache-maven-3.5.4\bin;C:\WINDOWS\system32\config\systemprofile\AppData\Local\Microsoft\WindowsApps;C:\Program Files\Java\jdk1.8.0_31\bin;C:\Program Files\Java\jdk1.8.0_31\jre;C:\Users\DELL\AppData\Local\Microsoft\WindowsApps;;D:\idea\IntelliJ IDEA 2018.3.2\bin;;D:\eclipse\eclipse;
USERNAME=DELL
OS=Windows_NT
PROCESSOR_IDENTIFIER=Intel64 Family 6 Model 158 Stepping 9, GenuineIntel



---------------  S Y S T E M  ---------------

OS: Windows 8.1 , 64 bit Build 9600 

CPU:total 8 (4 cores per cpu, 2 threads per core) family 6 model 158 stepping 9, cmov, cx8, fxsr, mmx, sse, sse2, sse3, ssse3, sse4.1, sse4.2, popcnt, avx, avx2, aes, clmul, erms, lzcnt, ht, tsc, tscinvbit, bmi1, bmi2

Memory: 4k page, physical 8237152k(4343768k free), swap 18722912k(10968084k free)

vm_info: Java HotSpot(TM) 64-Bit Server VM (25.31-b07) for windows-amd64 JRE (1.8.0_31-b13), built on Dec 17 2014 21:00:28 by "java_re" with MS VC++ 10.0 (VS2010)

time: Mon Dec 24 15:26:04 2018
elapsed time: 870 seconds (0d 0h 14m 30s)

