#
# A fatal error has been detected by the Java Runtime Environment:
#
#  EXCEPTION_ACCESS_VIOLATION (0xc0000005) at pc=0x000000005558a6a5, pid=15912, tid=10136
#
# JRE version: Java(TM) SE Runtime Environment (8.0_31-b13) (build 1.8.0_31-b13)
# Java VM: Java HotSpot(TM) 64-Bit Server VM (25.31-b07 mixed mode windows-amd64 compressed oops)
# Problematic frame:
# V  [jvm.dll+0x11a6a5]
#
# Failed to write core dump. Minidumps are not enabled by default on client versions of Windows
#
# If you would like to submit a bug report, please visit:
#   http://bugreport.java.com/bugreport/crash.jsp
#

---------------  T H R E A D  ---------------

Current thread (0x0000000019b3c800):  JavaThread "JDWP Transport Listener: dt_socket" daemon [_thread_in_vm, id=10136, stack(0x000000001a0a0000,0x000000001a1a0000)]

siginfo: ExceptionCode=0xc0000005, reading address 0x00000000c6030000

Registers:
RAX=0x000000001a19f401, RBX=0x0000000019b3c800, RCX=0x00000000c6030000, RDX=0x0000000000000000
RSP=0x000000001a19f440, RBP=0x00000000c6030000, RSI=0x000000001a19f558, RDI=0x00000000029b8280
R8 =0x0000000019b3c800, R9 =0x0000000000008000, R10=0x0000000000000000, R11=0x000000001b173f3d
R12=0x0000000000000000, R13=0x0000000019b3a598, R14=0x0000000000000000, R15=0x0000000000000000
RIP=0x000000005558a6a5, EFLAGS=0x0000000000010206

Top of Stack: (sp=0x000000001a19f440)
0x000000001a19f440:   0000000019b3c800 0000000019b3c800
0x000000001a19f450:   000000001a19f508 0000000055787c1b
0x000000001a19f460:   0000000019b3c800 00000000557a447d
0x000000001a19f470:   0000000000000000 0000000056759149
0x000000001a19f480:   0000000019ae3510 0000000056762912
0x000000001a19f490:   0000000019b3c800 0000000000000000
0x000000001a19f4a0:   0000000000000000 0000000000000000
0x000000001a19f4b0:   00000000c6030000 0000000056761a09
0x000000001a19f4c0:   000000001a19f558 000000001a19f530
0x000000001a19f4d0:   0000000000000001 0000000019ae3510
0x000000001a19f4e0:   00000000c6030000 00000000567453b3
0x000000001a19f4f0:   000000001a19f620 0000000000000001
0x000000001a19f500:   0000000000000001 0000000019ae3510
0x000000001a19f510:   0000000000000001 0000000000000000
0x000000001a19f520:   0000000000000000 0000000000000000
0x000000001a19f530:   0000000000000001 0000000056745571 

Instructions: (pc=0x000000005558a6a5)
0x000000005558a685:   cc cc cc cc cc cc cc cc cc cc cc 48 83 ec 28 48
0x000000005558a695:   85 c9 75 07 33 c0 48 83 c4 28 c3 48 89 5c 24 20
0x000000005558a6a5:   48 8b 19 48 85 db 74 20 48 83 fb 37 74 1a 48 8b
0x000000005558a6b5:   13 48 8b cb ff 52 10 84 c0 74 0d 48 8b c3 48 8b 


Register to memory mapping:

RAX=0x000000001a19f401 is pointing into the stack for thread: 0x0000000019b3c800
RBX=0x0000000019b3c800 is a thread
RCX=0x00000000c6030000 is an unallocated location in the heap
RDX=0x0000000000000000 is an unknown value
RSP=0x000000001a19f440 is pointing into the stack for thread: 0x0000000019b3c800
RBP=0x00000000c6030000 is an unallocated location in the heap
RSI=0x000000001a19f558 is pointing into the stack for thread: 0x0000000019b3c800
RDI=0x00000000029b8280 is an unknown value
R8 =0x0000000019b3c800 is a thread
R9 =0x0000000000008000 is an unknown value
R10=0x0000000000000000 is an unknown value
R11=0x000000001b173f3d is an unknown value
R12=0x0000000000000000 is an unknown value
R13=0x0000000019b3a598 is an unknown value
R14=0x0000000000000000 is an unknown value
R15=0x0000000000000000 is an unknown value


Stack: [0x000000001a0a0000,0x000000001a1a0000],  sp=0x000000001a19f440,  free space=1021k
Native frames: (J=compiled Java code, j=interpreted, Vv=VM code, C=native code)
V  [jvm.dll+0x11a6a5]
V  [jvm.dll+0x33447d]
C  [jdwp.dll+0x21a09]
C  [jdwp.dll+0x53b3]
C  [jdwp.dll+0x5571]
C  [jdwp.dll+0xf09c]
C  [jdwp.dll+0x1f2c9]
C  [jdwp.dll+0x1f49e]
V  [jvm.dll+0x1ac128]
V  [jvm.dll+0x22c194]
V  [jvm.dll+0x28576a]
C  [msvcr100.dll+0x21d9f]
C  [msvcr100.dll+0x21e3b]
C  [KERNEL32.DLL+0x13034]
C  [ntdll.dll+0x73691]


---------------  P R O C E S S  ---------------

Java Threads: ( => current thread )
  0x000000001b60c800 JavaThread "Java2D Disposer" daemon [_thread_blocked, id=22140, stack(0x000000001c220000,0x000000001c320000)]
  0x0000000019be9800 JavaThread "Service Thread" daemon [_thread_blocked, id=9920, stack(0x000000001a7a0000,0x000000001a8a0000)]
  0x0000000019b61000 JavaThread "C1 CompilerThread3" daemon [_thread_blocked, id=17144, stack(0x000000001a6a0000,0x000000001a7a0000)]
  0x0000000019b5f800 JavaThread "C2 CompilerThread2" daemon [_thread_blocked, id=13992, stack(0x000000001a5a0000,0x000000001a6a0000)]
  0x0000000019b5e800 JavaThread "C2 CompilerThread1" daemon [_thread_blocked, id=9224, stack(0x000000001a4a0000,0x000000001a5a0000)]
  0x0000000019b57000 JavaThread "C2 CompilerThread0" daemon [_thread_blocked, id=1560, stack(0x000000001a3a0000,0x000000001a4a0000)]
  0x0000000019b48000 JavaThread "JDWP Command Reader" daemon [_thread_in_native, id=18460, stack(0x000000001a2a0000,0x000000001a3a0000)]
  0x0000000019b47000 JavaThread "JDWP Event Helper Thread" daemon [_thread_blocked, id=13260, stack(0x000000001a1a0000,0x000000001a2a0000)]
=>0x0000000019b3c800 JavaThread "JDWP Transport Listener: dt_socket" daemon [_thread_in_vm, id=10136, stack(0x000000001a0a0000,0x000000001a1a0000)]
  0x0000000019b31000 JavaThread "Attach Listener" daemon [_thread_blocked, id=4064, stack(0x0000000019fa0000,0x000000001a0a0000)]
  0x0000000019ae2800 JavaThread "Signal Dispatcher" daemon [_thread_blocked, id=19200, stack(0x0000000019ea0000,0x0000000019fa0000)]
  0x0000000002bb9800 JavaThread "Finalizer" daemon [_thread_blocked, id=18208, stack(0x00000000199a0000,0x0000000019aa0000)]
  0x0000000017acc000 JavaThread "Reference Handler" daemon [_thread_blocked, id=19656, stack(0x00000000198a0000,0x00000000199a0000)]
  0x0000000002ac8000 JavaThread "main" [_thread_blocked, id=2256, stack(0x00000000029c0000,0x0000000002ac0000)]

Other Threads:
  0x0000000017ac8000 VMThread [stack: 0x00000000197a0000,0x00000000198a0000] [id=21748]
  0x0000000019bf5000 WatcherThread [stack: 0x000000001a8a0000,0x000000001a9a0000] [id=4080]

VM state:not at safepoint (normal execution)

VM Mutex/Monitor currently owned by a thread: None

Heap:
 PSYoungGen      total 146432K, used 41436K [0x00000000d6180000, 0x00000000dff80000, 0x0000000100000000)
  eden space 131072K, 26% used [0x00000000d6180000,0x00000000d83fe848,0x00000000de180000)
  from space 15360K, 39% used [0x00000000df080000,0x00000000df678a28,0x00000000dff80000)
  to   space 15360K, 0% used [0x00000000de180000,0x00000000de180000,0x00000000df080000)
 ParOldGen       total 86016K, used 22904K [0x0000000082400000, 0x0000000087800000, 0x00000000d6180000)
  object space 86016K, 26% used [0x0000000082400000,0x0000000083a5e1b8,0x0000000087800000)
 Metaspace       used 11378K, capacity 11538K, committed 11648K, reserved 1060864K
  class space    used 1002K, capacity 1051K, committed 1152K, reserved 1048576K

Card table byte_map: [0x0000000011f80000,0x0000000012370000] byte_map_base: 0x0000000011b6e000

Marking Bits: (ParMarkBitMap*) 0x0000000055c4d4f0
 Begin Bits: [0x0000000012e10000, 0x0000000014d80000)
 End Bits:   [0x0000000014d80000, 0x0000000016cf0000)

Polling page: 0x00000000003f0000

CodeCache: size=245760Kb used=8622Kb max_used=8648Kb free=237137Kb
 bounds [0x0000000002bc0000, 0x0000000003440000, 0x0000000011bc0000]
 total_blobs=2424 nmethods=2047 adapters=299
 compilation: enabled

Compilation events (10 events):
Event: 4.173 Thread 0x0000000019b57000 2049       4       java.nio.HeapCharBuffer::<init> (14 bytes)
Event: 4.175 Thread 0x0000000019b57000 nmethod 2049 0x0000000003404f90 code [0x00000000034050e0, 0x0000000003405258]
Event: 4.176 Thread 0x0000000019b5f800 nmethod 2047 0x000000000342e010 code [0x000000000342e1e0, 0x000000000342ee68]
Event: 4.188 Thread 0x0000000019b5e800 nmethod 2035 0x00000000034360d0 code [0x0000000003436460, 0x000000000343b198]
Event: 4.189 Thread 0x0000000019b61000 2050       3       java.io.FileOutputStream::write (12 bytes)
Event: 4.190 Thread 0x0000000019b61000 nmethod 2050 0x0000000003404b90 code [0x0000000003404d00, 0x0000000003404ec8]
Event: 4.192 Thread 0x0000000019b61000 2053       3       java.io.FileInputStream::read (9 bytes)
Event: 4.192 Thread 0x0000000019b61000 nmethod 2053 0x000000000341c290 code [0x000000000341c400, 0x000000000341c5a8]
Event: 4.371 Thread 0x0000000019b61000 2054       3       org.apache.log4j.Priority::isGreaterOrEqual (17 bytes)
Event: 4.371 Thread 0x0000000019b61000 nmethod 2054 0x000000000341bed0 code [0x000000000341c020, 0x000000000341c1d0]

GC Heap History (10 events):
Event: 2.241 GC heap before
{Heap before GC invocations=2 (full 0):
 PSYoungGen      total 37888K, used 37857K [0x00000000d6180000, 0x00000000d8b80000, 0x0000000100000000)
  eden space 32768K, 100% used [0x00000000d6180000,0x00000000d8180000,0x00000000d8180000)
  from space 5120K, 99% used [0x00000000d8180000,0x00000000d8678458,0x00000000d8680000)
  to   space 5120K, 0% used [0x00000000d8680000,0x00000000d8680000,0x00000000d8b80000)
 ParOldGen       total 86016K, used 3432K [0x0000000082400000, 0x0000000087800000, 0x00000000d6180000)
  object space 86016K, 3% used [0x0000000082400000,0x000000008275a098,0x0000000087800000)
 Metaspace       used 9405K, capacity 9554K, committed 9728K, reserved 1058816K
  class space    used 963K, capacity 987K, committed 1024K, reserved 1048576K
Event: 2.255 GC heap after
Heap after GC invocations=2 (full 0):
 PSYoungGen      total 37888K, used 5116K [0x00000000d6180000, 0x00000000d8b80000, 0x0000000100000000)
  eden space 32768K, 0% used [0x00000000d6180000,0x00000000d6180000,0x00000000d8180000)
  from space 5120K, 99% used [0x00000000d8680000,0x00000000d8b7f0d0,0x00000000d8b80000)
  to   space 5120K, 0% used [0x00000000d8180000,0x00000000d8180000,0x00000000d8680000)
 ParOldGen       total 86016K, used 12461K [0x0000000082400000, 0x0000000087800000, 0x00000000d6180000)
  object space 86016K, 14% used [0x0000000082400000,0x000000008302b698,0x0000000087800000)
 Metaspace       used 9405K, capacity 9554K, committed 9728K, reserved 1058816K
  class space    used 963K, capacity 987K, committed 1024K, reserved 1048576K
}
Event: 2.771 GC heap before
{Heap before GC invocations=3 (full 0):
 PSYoungGen      total 37888K, used 37884K [0x00000000d6180000, 0x00000000d8b80000, 0x0000000100000000)
  eden space 32768K, 100% used [0x00000000d6180000,0x00000000d8180000,0x00000000d8180000)
  from space 5120K, 99% used [0x00000000d8680000,0x00000000d8b7f0d0,0x00000000d8b80000)
  to   space 5120K, 0% used [0x00000000d8180000,0x00000000d8180000,0x00000000d8680000)
 ParOldGen       total 86016K, used 12461K [0x0000000082400000, 0x0000000087800000, 0x00000000d6180000)
  object space 86016K, 14% used [0x0000000082400000,0x000000008302b698,0x0000000087800000)
 Metaspace       used 9805K, capacity 9970K, committed 9984K, reserved 1058816K
  class space    used 983K, capacity 1019K, committed 1024K, reserved 1048576K
Event: 2.783 GC heap after
Heap after GC invocations=3 (full 0):
 PSYoungGen      total 37888K, used 5101K [0x00000000d6180000, 0x00000000dab80000, 0x0000000100000000)
  eden space 32768K, 0% used [0x00000000d6180000,0x00000000d6180000,0x00000000d8180000)
  from space 5120K, 99% used [0x00000000d8180000,0x00000000d867b528,0x00000000d8680000)
  to   space 5120K, 0% used [0x00000000da680000,0x00000000da680000,0x00000000dab80000)
 ParOldGen       total 86016K, used 17161K [0x0000000082400000, 0x0000000087800000, 0x00000000d6180000)
  object space 86016K, 19% used [0x0000000082400000,0x00000000834c2410,0x0000000087800000)
 Metaspace       used 9805K, capacity 9970K, committed 9984K, reserved 1058816K
  class space    used 983K, capacity 1019K, committed 1024K, reserved 1048576K
}
Event: 3.145 GC heap before
{Heap before GC invocations=4 (full 0):
 PSYoungGen      total 37888K, used 37869K [0x00000000d6180000, 0x00000000dab80000, 0x0000000100000000)
  eden space 32768K, 100% used [0x00000000d6180000,0x00000000d8180000,0x00000000d8180000)
  from space 5120K, 99% used [0x00000000d8180000,0x00000000d867b528,0x00000000d8680000)
  to   space 5120K, 0% used [0x00000000da680000,0x00000000da680000,0x00000000dab80000)
 ParOldGen       total 86016K, used 17161K [0x0000000082400000, 0x0000000087800000, 0x00000000d6180000)
  object space 86016K, 19% used [0x0000000082400000,0x00000000834c2410,0x0000000087800000)
 Metaspace       used 9815K, capacity 9970K, committed 9984K, reserved 1058816K
  class space    used 983K, capacity 1019K, committed 1024K, reserved 1048576K
Event: 3.151 GC heap after
Heap after GC invocations=4 (full 0):
 PSYoungGen      total 70656K, used 5117K [0x00000000d6180000, 0x00000000dab80000, 0x0000000100000000)
  eden space 65536K, 0% used [0x00000000d6180000,0x00000000d6180000,0x00000000da180000)
  from space 5120K, 99% used [0x00000000da680000,0x00000000dab7f648,0x00000000dab80000)
  to   space 5120K, 0% used [0x00000000da180000,0x00000000da180000,0x00000000da680000)
 ParOldGen       total 86016K, used 17529K [0x0000000082400000, 0x0000000087800000, 0x00000000d6180000)
  object space 86016K, 20% used [0x0000000082400000,0x000000008351e430,0x0000000087800000)
 Metaspace       used 9815K, capacity 9970K, committed 9984K, reserved 1058816K
  class space    used 983K, capacity 1019K, committed 1024K, reserved 1048576K
}
Event: 3.528 GC heap before
{Heap before GC invocations=5 (full 0):
 PSYoungGen      total 70656K, used 70653K [0x00000000d6180000, 0x00000000dab80000, 0x0000000100000000)
  eden space 65536K, 100% used [0x00000000d6180000,0x00000000da180000,0x00000000da180000)
  from space 5120K, 99% used [0x00000000da680000,0x00000000dab7f648,0x00000000dab80000)
  to   space 5120K, 0% used [0x00000000da180000,0x00000000da180000,0x00000000da680000)
 ParOldGen       total 86016K, used 17529K [0x0000000082400000, 0x0000000087800000, 0x00000000d6180000)
  object space 86016K, 20% used [0x0000000082400000,0x000000008351e430,0x0000000087800000)
 Metaspace       used 9900K, capacity 10034K, committed 10240K, reserved 1058816K
  class space    used 986K, capacity 1019K, committed 1024K, reserved 1048576K
Event: 3.539 GC heap after
Heap after GC invocations=5 (full 0):
 PSYoungGen      total 70656K, used 5099K [0x00000000d6180000, 0x00000000dff80000, 0x0000000100000000)
  eden space 65536K, 0% used [0x00000000d6180000,0x00000000d6180000,0x00000000da180000)
  from space 5120K, 99% used [0x00000000da180000,0x00000000da67ad28,0x00000000da680000)
  to   space 15360K, 0% used [0x00000000df080000,0x00000000df080000,0x00000000dff80000)
 ParOldGen       total 86016K, used 22896K [0x0000000082400000, 0x0000000087800000, 0x00000000d6180000)
  object space 86016K, 26% used [0x0000000082400000,0x0000000083a5c1b8,0x0000000087800000)
 Metaspace       used 9900K, capacity 10034K, committed 10240K, reserved 1058816K
  class space    used 986K, capacity 1019K, committed 1024K, reserved 1048576K
}
Event: 3.789 GC heap before
{Heap before GC invocations=6 (full 0):
 PSYoungGen      total 70656K, used 70635K [0x00000000d6180000, 0x00000000dff80000, 0x0000000100000000)
  eden space 65536K, 100% used [0x00000000d6180000,0x00000000da180000,0x00000000da180000)
  from space 5120K, 99% used [0x00000000da180000,0x00000000da67ad28,0x00000000da680000)
  to   space 15360K, 0% used [0x00000000df080000,0x00000000df080000,0x00000000dff80000)
 ParOldGen       total 86016K, used 22896K [0x0000000082400000, 0x0000000087800000, 0x00000000d6180000)
  object space 86016K, 26% used [0x0000000082400000,0x0000000083a5c1b8,0x0000000087800000)
 Metaspace       used 9922K, capacity 10098K, committed 10240K, reserved 1058816K
  class space    used 986K, capacity 1019K, committed 1024K, reserved 1048576K
Event: 3.799 GC heap after
Heap after GC invocations=6 (full 0):
 PSYoungGen      total 146432K, used 6114K [0x00000000d6180000, 0x00000000dff80000, 0x0000000100000000)
  eden space 131072K, 0% used [0x00000000d6180000,0x00000000d6180000,0x00000000de180000)
  from space 15360K, 39% used [0x00000000df080000,0x00000000df678a28,0x00000000dff80000)
  to   space 15360K, 0% used [0x00000000de180000,0x00000000de180000,0x00000000df080000)
 ParOldGen       total 86016K, used 22904K [0x0000000082400000, 0x0000000087800000, 0x00000000d6180000)
  object space 86016K, 26% used [0x0000000082400000,0x0000000083a5e1b8,0x0000000087800000)
 Metaspace       used 9922K, capacity 10098K, committed 10240K, reserved 1058816K
  class space    used 986K, capacity 1019K, committed 1024K, reserved 1048576K
}

Deoptimization events (10 events):
Event: 3.925 Thread 0x0000000002ac8000 Uncommon trap: reason=bimorphic action=maybe_recompile pc=0x000000000305bc44 method=java.util.regex.Pattern$Start.match(Ljava/util/regex/Matcher;ILjava/lang/CharSequence;)Z @ 44
Event: 3.935 Thread 0x0000000002ac8000 Uncommon trap: reason=class_check action=maybe_recompile pc=0x000000000305bd60 method=java.util.regex.Pattern$BmpCharProperty.match(Ljava/util/regex/Matcher;ILjava/lang/CharSequence;)Z @ 31
Event: 3.935 Thread 0x0000000002ac8000 Uncommon trap: reason=bimorphic action=maybe_recompile pc=0x000000000305bc44 method=java.util.regex.Pattern$Start.match(Ljava/util/regex/Matcher;ILjava/lang/CharSequence;)Z @ 44
Event: 3.940 Thread 0x0000000002ac8000 Uncommon trap: reason=bimorphic action=maybe_recompile pc=0x0000000003417e7c method=java.util.regex.Pattern$CharProperty.match(Ljava/util/regex/Matcher;ILjava/lang/CharSequence;)Z @ 37
Event: 3.940 Thread 0x0000000002ac8000 Uncommon trap: reason=bimorphic action=maybe_recompile pc=0x0000000003417e7c method=java.util.regex.Pattern$CharProperty.match(Ljava/util/regex/Matcher;ILjava/lang/CharSequence;)Z @ 37
Event: 3.940 Thread 0x0000000002ac8000 Uncommon trap: reason=bimorphic action=maybe_recompile pc=0x0000000003417e7c method=java.util.regex.Pattern$CharProperty.match(Ljava/util/regex/Matcher;ILjava/lang/CharSequence;)Z @ 37
Event: 3.940 Thread 0x0000000002ac8000 Uncommon trap: reason=bimorphic action=maybe_recompile pc=0x0000000003417e7c method=java.util.regex.Pattern$CharProperty.match(Ljava/util/regex/Matcher;ILjava/lang/CharSequence;)Z @ 37
Event: 3.948 Thread 0x0000000002ac8000 Uncommon trap: reason=bimorphic action=maybe_recompile pc=0x000000000305bc44 method=java.util.regex.Pattern$Start.match(Ljava/util/regex/Matcher;ILjava/lang/CharSequence;)Z @ 44
Event: 3.949 Thread 0x0000000002ac8000 Uncommon trap: reason=class_check action=maybe_recompile pc=0x000000000305ba24 method=java.util.regex.Matcher.search(I)Z @ 86
Event: 3.951 Thread 0x0000000002ac8000 Uncommon trap: reason=bimorphic action=maybe_recompile pc=0x000000000305bc44 method=java.util.regex.Pattern$Start.match(Ljava/util/regex/Matcher;ILjava/lang/CharSequence;)Z @ 44

Internal exceptions (10 events):
Event: 2.276 Thread 0x0000000002ac8000 Exception <a 'java/security/PrivilegedActionException'> (0x00000000d6500848) thrown at [C:\workspace\8-2-build-windows-amd64-cygwin\jdk8u31\2394\hotspot\src\share\vm\prims\jvm.cpp, line 1312]
Event: 2.276 Thread 0x0000000002ac8000 Exception <a 'java/security/PrivilegedActionException'> (0x00000000d6504190) thrown at [C:\workspace\8-2-build-windows-amd64-cygwin\jdk8u31\2394\hotspot\src\share\vm\prims\jvm.cpp, line 1312]
Event: 2.285 Thread 0x0000000002ac8000 Exception <a 'java/security/PrivilegedActionException'> (0x00000000d6528f58) thrown at [C:\workspace\8-2-build-windows-amd64-cygwin\jdk8u31\2394\hotspot\src\share\vm\prims\jvm.cpp, line 1312]
Event: 3.496 Thread 0x0000000002ac8000 Exception <a 'java/security/PrivilegedActionException'> (0x00000000d9bce2d0) thrown at [C:\workspace\8-2-build-windows-amd64-cygwin\jdk8u31\2394\hotspot\src\share\vm\prims\jvm.cpp, line 1312]
Event: 3.499 Thread 0x0000000002ac8000 Exception <a 'java/security/PrivilegedActionException'> (0x00000000d9bd92a0) thrown at [C:\workspace\8-2-build-windows-amd64-cygwin\jdk8u31\2394\hotspot\src\share\vm\prims\jvm.cpp, line 1312]
Event: 3.500 Thread 0x0000000002ac8000 Exception <a 'java/security/PrivilegedActionException'> (0x00000000d9bdbe18) thrown at [C:\workspace\8-2-build-windows-amd64-cygwin\jdk8u31\2394\hotspot\src\share\vm\prims\jvm.cpp, line 1312]
Event: 3.909 Thread 0x0000000002ac8000 Exception <a 'java/security/PrivilegedActionException'> (0x00000000d818c4b0) thrown at [C:\workspace\8-2-build-windows-amd64-cygwin\jdk8u31\2394\hotspot\src\share\vm\prims\jvm.cpp, line 1312]
Event: 3.910 Thread 0x0000000002ac8000 Exception <a 'java/security/PrivilegedActionException'> (0x00000000d8190898) thrown at [C:\workspace\8-2-build-windows-amd64-cygwin\jdk8u31\2394\hotspot\src\share\vm\prims\jvm.cpp, line 1312]
Event: 3.911 Thread 0x0000000002ac8000 Exception <a 'java/security/PrivilegedActionException'> (0x00000000d8194210) thrown at [C:\workspace\8-2-build-windows-amd64-cygwin\jdk8u31\2394\hotspot\src\share\vm\prims\jvm.cpp, line 1312]
Event: 4.167 Thread 0x0000000002ac8000 Exception <a 'java/security/PrivilegedActionException'> (0x00000000d81d7a08) thrown at [C:\workspace\8-2-build-windows-amd64-cygwin\jdk8u31\2394\hotspot\src\share\vm\prims\jvm.cpp, line 1312]

Events (10 events):
Event: 7909.154 Executing VM operation: RedefineClasses
Event: 7909.170 Executing VM operation: RedefineClasses done
Event: 8071.433 Executing VM operation: RedefineClasses
Event: 8071.451 Executing VM operation: RedefineClasses done
Event: 8166.351 Executing VM operation: RedefineClasses
Event: 8166.368 Executing VM operation: RedefineClasses done
Event: 8216.859 Executing VM operation: RedefineClasses
Event: 8216.877 Executing VM operation: RedefineClasses done
Event: 8279.967 Executing VM operation: RedefineClasses
Event: 8279.980 Executing VM operation: RedefineClasses done


Dynamic libraries:
0x00007ff69d1b0000 - 0x00007ff69d1e4000 	C:\Program Files\Java\jdk1.8.0_31\bin\javaw.exe
0x00007ffe01020000 - 0x00007ffe01201000 	C:\WINDOWS\SYSTEM32\ntdll.dll
0x00007ffe009e0000 - 0x00007ffe00a92000 	C:\WINDOWS\System32\KERNEL32.DLL
0x00007ffdfdb60000 - 0x00007ffdfddd3000 	C:\WINDOWS\System32\KERNELBASE.dll
0x00007ffdffee0000 - 0x00007ffdfff81000 	C:\WINDOWS\System32\ADVAPI32.dll
0x00007ffdff740000 - 0x00007ffdff7de000 	C:\WINDOWS\System32\msvcrt.dll
0x00007ffdffac0000 - 0x00007ffdffb1b000 	C:\WINDOWS\System32\sechost.dll
0x00007ffdffd90000 - 0x00007ffdffeb4000 	C:\WINDOWS\System32\RPCRT4.dll
0x00007ffe00330000 - 0x00007ffe004c0000 	C:\WINDOWS\System32\USER32.dll
0x00007ffdfdb40000 - 0x00007ffdfdb60000 	C:\WINDOWS\System32\win32u.dll
0x00007ffdff7e0000 - 0x00007ffdff808000 	C:\WINDOWS\System32\GDI32.dll
0x00007ffdfd9a0000 - 0x00007ffdfdb32000 	C:\WINDOWS\System32\gdi32full.dll
0x00007ffdfd140000 - 0x00007ffdfd1df000 	C:\WINDOWS\System32\msvcp_win.dll
0x00007ffdfdfe0000 - 0x00007ffdfe0da000 	C:\WINDOWS\System32\ucrtbase.dll
0x00007ffded260000 - 0x00007ffded4c9000 	C:\WINDOWS\WinSxS\amd64_microsoft.windows.common-controls_6595b64144ccf1df_6.0.17134.472_none_fb3f9af53068156d\COMCTL32.dll
0x00007ffe00520000 - 0x00007ffe00842000 	C:\WINDOWS\System32\combase.dll
0x00007ffdfd920000 - 0x00007ffdfd99a000 	C:\WINDOWS\System32\bcryptPrimitives.dll
0x00007ffe008b0000 - 0x00007ffe008dd000 	C:\WINDOWS\System32\IMM32.DLL
0x0000000056780000 - 0x0000000056852000 	C:\Program Files\Java\jdk1.8.0_31\jre\bin\msvcr100.dll
0x0000000055470000 - 0x0000000055cca000 	C:\Program Files\Java\jdk1.8.0_31\jre\bin\server\jvm.dll
0x00007ffdfd1e0000 - 0x00007ffdfd203000 	C:\WINDOWS\System32\WINMM.dll
0x00007ffdfd0c0000 - 0x00007ffdfd0ea000 	C:\WINDOWS\System32\WINMMBASE.dll
0x00007ffdfe1f0000 - 0x00007ffdfe239000 	C:\WINDOWS\System32\cfgmgr32.dll
0x00007ffe000b0000 - 0x00007ffe000b8000 	C:\WINDOWS\System32\PSAPI.DLL
0x00007ffde7900000 - 0x00007ffde7909000 	C:\WINDOWS\SYSTEM32\WSOCK32.dll
0x00007ffdff810000 - 0x00007ffdff87c000 	C:\WINDOWS\System32\WS2_32.dll
0x0000000055460000 - 0x000000005546f000 	C:\Program Files\Java\jdk1.8.0_31\jre\bin\verify.dll
0x0000000055430000 - 0x0000000055458000 	C:\Program Files\Java\jdk1.8.0_31\jre\bin\java.dll
0x0000000056740000 - 0x0000000056775000 	C:\Program Files\Java\jdk1.8.0_31\jre\bin\jdwp.dll
0x0000000056730000 - 0x0000000056738000 	C:\Program Files\Java\jdk1.8.0_31\jre\bin\npt.dll
0x00000000553e0000 - 0x00000000553f6000 	C:\Program Files\Java\jdk1.8.0_31\jre\bin\zip.dll
0x00007ffdfe300000 - 0x00007ffdff740000 	C:\WINDOWS\System32\SHELL32.dll
0x00007ffdff880000 - 0x00007ffdff929000 	C:\WINDOWS\System32\shcore.dll
0x00007ffdfd210000 - 0x00007ffdfd91d000 	C:\WINDOWS\System32\windows.storage.dll
0x00007ffe004c0000 - 0x00007ffe00511000 	C:\WINDOWS\System32\shlwapi.dll
0x00007ffdfd060000 - 0x00007ffdfd071000 	C:\WINDOWS\System32\kernel.appcore.dll
0x00007ffdfd0a0000 - 0x00007ffdfd0bf000 	C:\WINDOWS\System32\profapi.dll
0x00007ffdfd0f0000 - 0x00007ffdfd13c000 	C:\WINDOWS\System32\powrprof.dll
0x00007ffdfd050000 - 0x00007ffdfd05a000 	C:\WINDOWS\System32\FLTLIB.DLL
0x0000000056720000 - 0x0000000056729000 	C:\Program Files\Java\jdk1.8.0_31\jre\bin\dt_socket.dll
0x00007ffde6d40000 - 0x00007ffde6d56000 	C:\WINDOWS\system32\napinsp.dll
0x00007ffde6c90000 - 0x00007ffde6caa000 	C:\WINDOWS\system32\pnrpnsp.dll
0x00007ffdf65a0000 - 0x00007ffdf65b9000 	C:\WINDOWS\system32\NLAapi.dll
0x00007ffdfc8b0000 - 0x00007ffdfc916000 	C:\WINDOWS\System32\mswsock.dll
0x00007ffdfc670000 - 0x00007ffdfc72e000 	C:\WINDOWS\SYSTEM32\DNSAPI.dll
0x00007ffdffab0000 - 0x00007ffdffab8000 	C:\WINDOWS\System32\NSI.dll
0x00007ffdfc630000 - 0x00007ffdfc668000 	C:\WINDOWS\SYSTEM32\IPHLPAPI.DLL
0x00007ffde6c80000 - 0x00007ffde6c8e000 	C:\WINDOWS\System32\winrnr.dll
0x00007ffde6c60000 - 0x00007ffde6c75000 	C:\WINDOWS\System32\wshbth.dll
0x00007ffdef360000 - 0x00007ffdef3d2000 	C:\WINDOWS\System32\fwpuclnt.dll
0x00007ffdfcb90000 - 0x00007ffdfcbb5000 	C:\WINDOWS\SYSTEM32\bcrypt.dll
0x00007ffdeeef0000 - 0x00007ffdeeefa000 	C:\Windows\System32\rasadhlp.dll
0x0000000056580000 - 0x0000000056718000 	C:\Program Files\Java\jdk1.8.0_31\jre\bin\awt.dll
0x00007ffdffcc0000 - 0x00007ffdffd82000 	C:\WINDOWS\System32\OLEAUT32.dll
0x00007ffdf7f60000 - 0x00007ffdf7feb000 	C:\WINDOWS\SYSTEM32\apphelp.dll
0x0000000056540000 - 0x000000005657c000 	C:\Program Files\Java\jdk1.8.0_31\jre\bin\lcms.dll
0x00007ffdf8550000 - 0x00007ffdf8719000 	C:\WINDOWS\SYSTEM32\dbghelp.dll

VM Arguments:
jvm_args: -agentlib:jdwp=transport=dt_socket,suspend=y,address=localhost:52791 -Dfile.encoding=UTF-8 
java_command: com.thinkgem.jeesite.modules.company.utiles.ParsePDFFileUtile
java_class_path (initial): D:\jeesite\work\jeesite-master\src\main\webapp\WEB-INF\classes;C:\Users\DELL\.m2\repository\org\apache\pdfbox\pdfbox\2.0.8\pdfbox-2.0.8.jar;C:\Users\DELL\.m2\repository\org\apache\pdfbox\fontbox\2.0.8\fontbox-2.0.8.jar;C:\Users\DELL\.m2\repository\commons-logging\commons-logging\1.2\commons-logging-1.2.jar;C:\Users\DELL\.m2\repository\pdfbox\pdfbox\0.7.3\pdfbox-0.7.3.jar;C:\Users\DELL\.m2\repository\org\fontbox\fontbox\0.1.0\fontbox-0.1.0.jar;C:\Users\DELL\.m2\repository\org\jempbox\jempbox\0.2.0\jempbox-0.2.0.jar;C:\Users\DELL\.m2\repository\bouncycastle\bcmail-jdk14\136\bcmail-jdk14-136.jar;C:\Users\DELL\.m2\repository\bouncycastle\bcprov-jdk14\136\bcprov-jdk14-136.jar;C:\Users\DELL\.m2\repository\us\codecraft\webmagic-core\0.7.3\webmagic-core-0.7.3.jar;C:\Users\DELL\.m2\repository\org\apache\httpcomponents\httpclient\4.5.2\httpclient-4.5.2.jar;C:\Users\DELL\.m2\repository\org\apache\httpcomponents\httpcore\4.4.4\httpcore-4.4.4.jar;C:\Users\DELL\.m2\repository\us\codecraft\xsoup\0.3.1\xsoup-0.3.1.jar;C:\Users\DELL\.m2\repository\org\assertj\assertj-core\1.5.0\assertj-core-1.5.0.jar;C:\Users\DELL\.m2\repository\commons-collections\commons-collections\3.2.2\commons-collections-3.2.2.jar;C:\Users\DELL\.m2\repository\org\jsoup\jsoup\1.10.3\jsoup-1.10.3.jar;C:\Users\DELL\.m2\repository\com\jayway\jsonpath\json-path\2.4.0\json-path-2.4.0.jar;C:\Users\DELL\.m2\repository\net\minidev\json-smart\2.3\json-smart-2.3.jar;C:\Users\DELL\.m2\repository\net\minidev\accessors-smart\1.2\accessors-smart-1.2.jar;C:\Users\DELL\.m2\repository\com\alibaba\fastjson\1.2.28\fastjson-1.2.28.jar;C:\Users\DELL\.m2\repository\org\springframework\spring-core\4.1.9.RELEASE\spring-core-4.1.9.RELEASE.jar;C:\Users\DELL\.m2\repository\org\springframework\spring-beans\4.1.9.RELEASE\spring-beans-4.1.9.RELEASE.jar;C:\Users\DELL\.m2\repository\org\springframework\spring-context\4.1.9.RELEASE\spring-context-4.1.9.RELEASE.jar;C:\Users\DELL\.m2\repository\org\springframework\sp
Launcher Type: SUN_STANDARD

Environment Variables:
JAVA_HOME=C:\Program Files\Java\jdk1.8.0_31
PATH=C:\Program Files\Java\jdk1.8.0_31\jre\bin;C:/Program Files/Java/jdk1.8.0_31/bin/../jre/bin/server;C:/Program Files/Java/jdk1.8.0_31/bin/../jre/bin;C:/Program Files/Java/jdk1.8.0_31/bin/../jre/lib/amd64;D:\maven\apache-maven-3.5.4\bin;C:\WINDOWS\system32\config\systemprofile\AppData\Local\Microsoft\WindowsApps;C:\Program Files\Java\jdk1.8.0_31\bin;C:\Program Files\Java\jdk1.8.0_31\jre;C:\Users\DELL\AppData\Local\Microsoft\WindowsApps;;D:\idea\IntelliJ IDEA 2018.3.2\bin;;D:\eclipse\eclipse;
USERNAME=DELL
OS=Windows_NT
PROCESSOR_IDENTIFIER=Intel64 Family 6 Model 158 Stepping 9, GenuineIntel



---------------  S Y S T E M  ---------------

OS: Windows 8.1 , 64 bit Build 9600 

CPU:total 8 (4 cores per cpu, 2 threads per core) family 6 model 158 stepping 9, cmov, cx8, fxsr, mmx, sse, sse2, sse3, ssse3, sse4.1, sse4.2, popcnt, avx, avx2, aes, clmul, erms, lzcnt, ht, tsc, tscinvbit, bmi1, bmi2

Memory: 4k page, physical 8237152k(3168844k free), swap 18722912k(8066380k free)

vm_info: Java HotSpot(TM) 64-Bit Server VM (25.31-b07) for windows-amd64 JRE (1.8.0_31-b13), built on Dec 17 2014 21:00:28 by "java_re" with MS VC++ 10.0 (VS2010)

time: Mon Dec 24 13:58:38 2018
elapsed time: 8280 seconds (0d 2h 18m 0s)

